Starting verification... 
2026-01-04 05:26:30.882 | INFO     | rag.embedder:__init__:40 - GeminiEmbedder 초기화 완료: model=models/text-embedding-004 (SDK: google-genai)
2026-01-04 05:26:31.090 | INFO     | rag.vector_store:_get_or_create_collection:53 - 기존 컬렉션 로드: pc_components
2026-01-04 05:26:32.503 | INFO     | rag.vector_store:__init__:43 - PCComponentVectorStore 초기화 완료: collection=pc_components, items=135660
2026-01-04 05:26:32.504 | INFO     | rag.retriever:__init__:26 - PCComponentRetriever 초기화: top_k=5
2026-01-04 05:26:33.461 | INFO     | rag.generator:__init__:35 - PCRecommendationGenerator 초기화: model=gemini-3-flash-preview (SDK: google-genai)
2026-01-04 05:26:33.470 | INFO     | rag.pipeline:__init__:39 - RAGPipeline 초기화 완료
2026-01-04 05:26:33.470 | INFO     | rag.step_by_step:__init__:317 - StepByStepRAGPipeline 초기화

============================================================
 RAG 파이프라인 검증 시작
============================================================
[초기화] RAG 파이프라인 로딩 중...
Traceback (most recent call last):
  File "C:\Users\nrtak\Desktop\testing\2\spckitmookup\backend\tests\verify_rag_scenario.py", line 28, in verify_rag_scenario
    print("\u2705 RAG 파이프라인 초기화 성공")
UnicodeEncodeError: 'cp949' codec can't encode character '\u2705' in position 0: illegal multibyte sequence

During handling of the above exception, another exception occurred:

Traceback (most recent call last):
  File "C:\Users\nrtak\Desktop\testing\2\spckitmookup\backend\tests\verify_rag_scenario.py", line 153, in <module>
    if verify_rag_scenario():
       ^^^^^^^^^^^^^^^^^^^^^
  File "C:\Users\nrtak\Desktop\testing\2\spckitmookup\backend\tests\verify_rag_scenario.py", line 30, in verify_rag_scenario
    print(f"\u274c 초기화 실패: {e}")
UnicodeEncodeError: 'cp949' codec can't encode character '\u274c' in position 0: illegal multibyte sequence

During handling of the above exception, another exception occurred:

Traceback (most recent call last):
  File "C:\Users\nrtak\Desktop\testing\2\spckitmookup\backend\tests\verify_rag_scenario.py", line 161, in <module>
    print(f"\n\u274c 예기치 않은 오류 발생: {e}")
UnicodeEncodeError: 'cp949' codec can't encode character '\u274c' in position 2: illegal multibyte sequence
Command failed. 
Done. 
